<?xml version="1.0" encoding="UTF-8"?>
<testsuite xmlns:xsi="http://www.w3.org/2001/XMLSchema-instance" xsi:noNamespaceSchemaLocation="https://maven.apache.org/surefire/maven-surefire-plugin/xsd/surefire-test-report-3.0.xsd" version="3.0" name="com.example.springTest.config.SecurityConfigTest" time="1.147" tests="3" errors="0" skipped="0" failures="0">
  <properties>
[...]
</properties>
  <testcase name="testBCryptPasswordEncoder_ShouldMatchEncodedPassword" classname="com.example.springTest.config.SecurityConfigTest" time="0.64"/>
  <testcase name="testBCryptPasswordEncoder_StrengthShouldBeConfigured" classname="com.example.springTest.config.SecurityConfigTest" time="0.486"/>
  <testcase name="testAuthenticationProviderBean_ShouldReturnDaoAuthenticationProvider" classname="com.example.springTest.config.SecurityConfigTest" time="0.01">
    <system-out><![CDATA[2024-10-07T21:57:36.465+05:30  INFO 36432 --- [CRUD] [           main] c.example.spring.config.SecurityConfig   : Configuring authentication provider.
]]></system-out>
  </testcase>
</testsuite>